f:\academics\ucirvinegd\qtr3\ubi_embed\bzip2\bzip2\debug\vc120.pdb
f:\academics\ucirvinegd\qtr3\ubi_embed\bzip2\bzip2\debug\vc120.idb
f:\academics\ucirvinegd\qtr3\ubi_embed\bzip2\bzip2\debug\blocksort.obj
f:\academics\ucirvinegd\qtr3\ubi_embed\bzip2\bzip2\debug\compress.obj
f:\academics\ucirvinegd\qtr3\ubi_embed\bzip2\bzip2\debug\crctable.obj
f:\academics\ucirvinegd\qtr3\ubi_embed\bzip2\bzip2\debug\decompress.obj
f:\academics\ucirvinegd\qtr3\ubi_embed\bzip2\bzip2\debug\huffman.obj
f:\academics\ucirvinegd\qtr3\ubi_embed\bzip2\bzip2\debug\mk251.obj
f:\academics\ucirvinegd\qtr3\ubi_embed\bzip2\bzip2\debug\randtable.obj
f:\academics\ucirvinegd\qtr3\ubi_embed\bzip2\bzip2\debug\spewg.obj
f:\academics\ucirvinegd\qtr3\ubi_embed\bzip2\bzip2\debug\bzip2recover.obj
f:\academics\ucirvinegd\qtr3\ubi_embed\bzip2\bzip2\debug\unzcrash.obj
f:\academics\ucirvinegd\qtr3\ubi_embed\bzip2\bzip2\debug\bzip2.obj
f:\academics\ucirvinegd\qtr3\ubi_embed\bzip2\bzip2\debug\bzlib.obj
f:\academics\ucirvinegd\qtr3\ubi_embed\bzip2\bzip2\debug\dlltest.obj
f:\academics\ucirvinegd\qtr3\ubi_embed\bzip2\debug\bzip2.ilk
f:\academics\ucirvinegd\qtr3\ubi_embed\bzip2\debug\bzip2.exe
f:\academics\ucirvinegd\qtr3\ubi_embed\bzip2\debug\bzip2.pdb
f:\academics\ucirvinegd\qtr3\ubi_embed\bzip2\bzip2\debug\bzip2.tlog\cl.command.1.tlog
f:\academics\ucirvinegd\qtr3\ubi_embed\bzip2\bzip2\debug\bzip2.tlog\cl.read.1.tlog
f:\academics\ucirvinegd\qtr3\ubi_embed\bzip2\bzip2\debug\bzip2.tlog\cl.write.1.tlog
f:\academics\ucirvinegd\qtr3\ubi_embed\bzip2\bzip2\debug\bzip2.tlog\link.command.1.tlog
f:\academics\ucirvinegd\qtr3\ubi_embed\bzip2\bzip2\debug\bzip2.tlog\link.read.1.tlog
f:\academics\ucirvinegd\qtr3\ubi_embed\bzip2\bzip2\debug\bzip2.tlog\link.write.1.tlog
